{"D:\\FSD4\\nodejs\\calculator.js": {"path":"D:\\FSD4\\nodejs\\calculator.js","statementMap":{"0":{"start":{"line":2,"column":21},"end":{"line":18,"column":1}},"1":{"start":{"line":5,"column":8},"end":{"line":5,"column":19}},"2":{"start":{"line":9,"column":8},"end":{"line":9,"column":19}},"3":{"start":{"line":13,"column":8},"end":{"line":13,"column":19}},"4":{"start":{"line":16,"column":8},"end":{"line":16,"column":19}},"5":{"start":{"line":20,"column":0},"end":{"line":20,"column":30}}},"fnMap":{"0":{"name":"(anonymous_0)","decl":{"start":{"line":4,"column":9},"end":{"line":4,"column":10}},"loc":{"start":{"line":4,"column":22},"end":{"line":6,"column":5}},"line":4},"1":{"name":"(anonymous_1)","decl":{"start":{"line":8,"column":13},"end":{"line":8,"column":14}},"loc":{"start":{"line":8,"column":26},"end":{"line":10,"column":5}},"line":8},"2":{"name":"(anonymous_2)","decl":{"start":{"line":12,"column":13},"end":{"line":12,"column":14}},"loc":{"start":{"line":12,"column":26},"end":{"line":14,"column":5}},"line":12},"3":{"name":"(anonymous_3)","decl":{"start":{"line":15,"column":11},"end":{"line":15,"column":12}},"loc":{"start":{"line":15,"column":24},"end":{"line":17,"column":5}},"line":15}},"branchMap":{},"s":{"0":2,"1":1,"2":1,"3":1,"4":4,"5":2},"f":{"0":1,"1":1,"2":1,"3":4},"b":{},"_coverageSchema":"1a1c01bbd47fc00a2c39e90264f33305004495a9","hash":"26a9a55a49d62118e5614f79cf055787c704bed7"}
,"D:\\FSD4\\nodejs\\main.js": {"path":"D:\\FSD4\\nodejs\\main.js","statementMap":{"0":{"start":{"line":1,"column":32},"end":{"line":1,"column":55}},"1":{"start":{"line":3,"column":4},"end":{"line":3,"column":49}},"2":{"start":{"line":5,"column":0},"end":{"line":5,"column":37}}},"fnMap":{"0":{"name":"calculateBiggerResult","decl":{"start":{"line":2,"column":9},"end":{"line":2,"column":30}},"loc":{"start":{"line":2,"column":35},"end":{"line":4,"column":1}},"line":2}},"branchMap":{},"s":{"0":1,"1":1,"2":1},"f":{"0":1},"b":{},"_coverageSchema":"1a1c01bbd47fc00a2c39e90264f33305004495a9","hash":"e5c9ab82ff8c9367e55d18105eb7f53c34e37b95"}
}
